

Microchip MPLAB XC8 Assembler V2.36 build 20220127204148 
                                                                                                           Tue Aug 13 13:25:26 2024


     1                           	processor	16F877A
     2                           	pagewidth 132
     3                           	psect	code,global,class=CODE,delta=2
     4                           	psect	powerup,global,class=CODE,delta=2
     5                           	psect	reset_vec,global,class=CODE,delta=2
     6                           	psect	maintext,global,class=CODE,delta=2
     7                           	psect	eeprom_data,global,class=EEDATA,space=3,delta=2,noexec
     8                           	psect	intentry,global,class=CODE,delta=2
     9                           	psect	functab,global,class=ENTRY,delta=2
    10                           	psect	init,global,class=CODE,delta=2
    11                           	psect	cinit,global,class=CODE,delta=2
    12                           	psect	text,global,class=CODE,delta=2
    13                           	psect	end_init,global,class=CODE,delta=2
    14                           	psect	clrtext,global,class=CODE,delta=2
    15                           	psect	strings,global,reloc=256,class=CODE,delta=2
    16                           	psect	stack,global,class=STACK,space=2,delta=1,noexec
    17                           	psect	common,global,class=COMMON,space=1,delta=1
    18                           	psect	bank0,global,class=BANK0,space=1,delta=1
    19                           	psect	bank1,global,class=BANK1,space=1,delta=1
    20                           	psect	bank2,global,class=BANK2,space=1,delta=1
    21                           	psect	bank3,global,class=BANK3,space=1,delta=1
    22                           	psect	ram,global,class=RAM,space=1,delta=1
    23                           	psect	abs1,global,class=ABS1,space=1,delta=1
    24                           	psect	sfr0,global,class=SFR0,space=1,delta=1
    25                           	psect	sfr1,global,class=SFR1,space=1,delta=1
    26                           	psect	sfr2,global,class=SFR2,space=1,delta=1
    27                           	psect	sfr3,global,class=SFR3,space=1,delta=1
    28                           
    29                           	psect	reset_vec
    30  0000                     reset_vec:
    31  0000  0000               	nop	; NOP inserted due to debugger requirements
    32                           
    33                           	psect	maintext
    34                           
    35                           ; Microchip MPLAB XC8 C Compiler V2.36
    36                           ; Copyright (C) 2022 Microchip Technology Inc.
    37                           ; Auto-generated runtime startup code for final link stage.
    38                           ;
    39                           ; Compiler options:
    40                           ;
    41                           ; -q --opt=none --chip=16f877a -Mdist/default/debug/blink.X.debug.map \
    42                           ; -D__DEBUG=1 --debugger=pickit3 -DXPRJ_default=default \
    43                           ; -L--defsym=__MPLAB_BUILD=1 \
    44                           ; --dfp=D:/AppData/Microchip/MPLABX/v6.20/packs/Microchip/PIC16Fxxx_DFP/1.6.156/xc8 \
    45                           ; --summary=+xml --summarydir=dist/default/debug/memoryfile.xml \
    46                           ; -oblink.X.debug.elf --objdir=dist/default/debug \
    47                           ; --outdir=dist/default/debug build/default/debug/main.p1 --std=c99 \
    48                           ; --callgraph=none --warn=-3 --errformat=%f:%l:%c: error: (%n) %s \
    49                           ; --warnformat=%f:%l:%c: warning: (%n) %s \
    50                           ; --msgformat=%f:%l:%c: advisory: (%n) %s
    51                           ;
    52  0000                     C	set	0
    53  0002                     Z	set	2
    54  0002                     PCL	set	2
    55  0000                     INDF	set	0
    56  000A                     
    57                           	psect	functab
    58  0000                     intlevel0:
    59  0000                     intlevel1:
    60  0000                     intlevel2:
    61  0000                     intlevel3:
    62  0000                     intlevel4:
    63  0000                     intlevel5:
    64                           
    65                           	psect	init
    66  0001                     start:	
    67                           ; No powerup routine
    68                           ; No interrupt routine
    69                           
    70                           
    71                           	psect	end_init
    72  0001  120A  118A  2FFC   	ljmp	start_initialization	;jump to C runtime clear & initialization
    73                           
    74                           	psect	clrtext
    75  0004                     FSR	set	4
    76                           
    77                           	psect	strings
    78  0000                     
    79                           	psect	stack
    80  0000                     ___sp:
    81  0000                     ___int_sp:


Microchip Technology PIC Macro Assembler V2.36 build 20220127204148 
Symbol Table                                                                                               Tue Aug 13 13:25:26 2024

               ___sp 0000                 _main 07D4                 start 0001  start_initialization 07FC  
          ___stackhi 0000            ___stacklo 0000             ___int_sp 0000             intlevel0 0000  
           intlevel1 0000             intlevel2 0000             intlevel3 0000             intlevel4 0000  
           intlevel5 0000             reset_vec 0000  
